<?xml version="1.0" encoding="UTF-8"?>
<robot generator="Robot 5.0.1 (Python 3.10.7 on win32)" generated="20221005 17:47:41.276" rpa="false" schemaversion="3">
<suite id="s1" name="Trade-Sticker" source="C:\Projeto-Vdt2-robot-python\trade-sticker">
<suite id="s1-s1" name="Tests" source="C:\Projeto-Vdt2-robot-python\trade-sticker\Tests">
<suite id="s1-s1-s1" name="Login" source="C:\Projeto-Vdt2-robot-python\trade-sticker\Tests\login.robot">
<test id="s1-s1-s1-t1" name="Deve logar com sucesso" line="7">
<kw name="Go To Login Page" library="login">
<kw name="New Browser" library="Browser">
<arg>headless=False</arg>
<tag>BrowserControl</tag>
<tag>Setter</tag>
<doc>Create a new playwright Browser with specified options.</doc>
<msg timestamp="20221005 17:47:42.757" level="INFO">{"browser": "chromium", "headless": false, "devtools": false, "handleSIGHUP": true, "handleSIGINT": true, "handleSIGTERM": true, "slowMo": 0.0, "timeout": 30000.0, "deprecated_pos_args": [], "tracesDir": "C:\\Projeto-Vdt2-robot-python\\trade-sticker\\results\\browser\\traces\\13352d17-c676-47ae-9f95-f0bc2fda51c5"}</msg>
<msg timestamp="20221005 17:47:44.106" level="INFO">Successfully created browser with options: {"browser":"chromium","headless":false,"devtools":false,"handleSIGHUP":true,"handleSIGINT":true,"handleSIGTERM":true,"slowMo":0,"timeout":30000,"deprecated_pos_args":[],"tracesDir":"C:\\Projeto-Vdt2-robot-python\\trade-sticker\\results\\browser\\traces\\13352d17-c676-47ae-9f95-f0bc2fda51c5"}</msg>
<status status="PASS" starttime="20221005 17:47:42.757" endtime="20221005 17:47:44.108"/>
</kw>
<kw name="New Page" library="Browser">
<arg>https://trade-sticker-dev.vercel.app</arg>
<tag>BrowserControl</tag>
<tag>Setter</tag>
<doc>Open a new Page.</doc>
<msg timestamp="20221005 17:47:45.632" level="INFO">Successfully initialized new page object and opened url: https://trade-sticker-dev.vercel.app</msg>
<msg timestamp="20221005 17:47:45.634" level="INFO">No context was open. New context was automatically opened when this page is created.</msg>
<status status="PASS" starttime="20221005 17:47:44.112" endtime="20221005 17:47:45.636"/>
</kw>
<status status="PASS" starttime="20221005 17:47:42.756" endtime="20221005 17:47:45.636"/>
</kw>
<kw name=" Submit Credentials" library="login">
<arg>papito@gmail.com</arg>
<arg>vaibrasil</arg>
<kw name="Fill Text" library="Browser">
<arg>css=input[name=email]</arg>
<arg>${email}</arg>
<tag>PageContent</tag>
<tag>Setter</tag>
<doc>Clears and fills the given ``txt`` into the text field found by ``selector``.</doc>
<msg timestamp="20221005 17:47:45.639" level="INFO">Fills the text 'papito@gmail.com' in the given field.</msg>
<status status="PASS" starttime="20221005 17:47:45.638" endtime="20221005 17:47:45.759"/>
</kw>
<kw name="Fill Text" library="Browser">
<arg>css=input[name=password]</arg>
<arg>${password}</arg>
<tag>PageContent</tag>
<tag>Setter</tag>
<doc>Clears and fills the given ``txt`` into the text field found by ``selector``.</doc>
<msg timestamp="20221005 17:47:45.761" level="INFO">Fills the text 'vaibrasil' in the given field.</msg>
<status status="PASS" starttime="20221005 17:47:45.760" endtime="20221005 17:47:45.798"/>
</kw>
<kw name="Click" library="Browser">
<arg>css=button &gt;&gt; text=Entrar</arg>
<tag>PageContent</tag>
<tag>Setter</tag>
<doc>Simulates mouse click on the element found by ``selector``.</doc>
<status status="PASS" starttime="20221005 17:47:45.798" endtime="20221005 17:47:45.873"/>
</kw>
<status status="PASS" starttime="20221005 17:47:45.637" endtime="20221005 17:47:45.875"/>
</kw>
<kw name="User logged In" library="dash">
<kw name="Set Variable" library="BuiltIn">
<var>${header_title}</var>
<arg>Aquela figurinha incrível a um clique de distância.</arg>
<doc>Returns the given values which can then be assigned to a variables.</doc>
<msg timestamp="20221005 17:47:45.883" level="INFO">${header_title} = Aquela figurinha incrível a um clique de distância.</msg>
<status status="PASS" starttime="20221005 17:47:45.881" endtime="20221005 17:47:45.886"/>
</kw>
<kw name="Get Text" library="Browser">
<arg>css=.header-content strong</arg>
<arg>equal</arg>
<arg>${header_title}</arg>
<tag>Assertion</tag>
<tag>Getter</tag>
<tag>PageContent</tag>
<doc>Returns text attribute of the element found by ``selector``.</doc>
<status status="PASS" starttime="20221005 17:47:45.886" endtime="20221005 17:47:45.937"/>
</kw>
<status status="PASS" starttime="20221005 17:47:45.879" endtime="20221005 17:47:45.938"/>
</kw>
<status status="PASS" starttime="20221005 17:47:42.751" endtime="20221005 17:47:45.942"/>
</test>
<test id="s1-s1-s1-t2" name="Nao deve logar com senha incorreta" line="13">
<kw name="Go To Login Page" library="login">
<kw name="New Browser" library="Browser">
<arg>headless=False</arg>
<tag>BrowserControl</tag>
<tag>Setter</tag>
<doc>Create a new playwright Browser with specified options.</doc>
<msg timestamp="20221005 17:47:46.116" level="INFO">{"browser": "chromium", "headless": false, "devtools": false, "handleSIGHUP": true, "handleSIGINT": true, "handleSIGTERM": true, "slowMo": 0.0, "timeout": 30000.0, "deprecated_pos_args": [], "tracesDir": "C:\\Projeto-Vdt2-robot-python\\trade-sticker\\results\\browser\\traces\\22039b25-56d7-4bb0-a675-f6c9dce062bc"}</msg>
<msg timestamp="20221005 17:47:47.552" level="INFO">Successfully created browser with options: {"browser":"chromium","headless":false,"devtools":false,"handleSIGHUP":true,"handleSIGINT":true,"handleSIGTERM":true,"slowMo":0,"timeout":30000,"deprecated_pos_args":[],"tracesDir":"C:\\Projeto-Vdt2-robot-python\\trade-sticker\\results\\browser\\traces\\22039b25-56d7-4bb0-a675-f6c9dce062bc"}</msg>
<status status="PASS" starttime="20221005 17:47:46.115" endtime="20221005 17:47:47.554"/>
</kw>
<kw name="New Page" library="Browser">
<arg>https://trade-sticker-dev.vercel.app</arg>
<tag>BrowserControl</tag>
<tag>Setter</tag>
<doc>Open a new Page.</doc>
<msg timestamp="20221005 17:47:48.913" level="INFO">Successfully initialized new page object and opened url: https://trade-sticker-dev.vercel.app</msg>
<msg timestamp="20221005 17:47:48.917" level="INFO">No context was open. New context was automatically opened when this page is created.</msg>
<status status="PASS" starttime="20221005 17:47:47.555" endtime="20221005 17:47:48.919"/>
</kw>
<status status="PASS" starttime="20221005 17:47:46.111" endtime="20221005 17:47:48.919"/>
</kw>
<kw name=" Submit Credentials" library="login">
<arg>papito@gmail.com</arg>
<arg>abc123</arg>
<kw name="Fill Text" library="Browser">
<arg>css=input[name=email]</arg>
<arg>${email}</arg>
<tag>PageContent</tag>
<tag>Setter</tag>
<doc>Clears and fills the given ``txt`` into the text field found by ``selector``.</doc>
<msg timestamp="20221005 17:47:48.926" level="INFO">Fills the text 'papito@gmail.com' in the given field.</msg>
<status status="PASS" starttime="20221005 17:47:48.923" endtime="20221005 17:47:49.000"/>
</kw>
<kw name="Fill Text" library="Browser">
<arg>css=input[name=password]</arg>
<arg>${password}</arg>
<tag>PageContent</tag>
<tag>Setter</tag>
<doc>Clears and fills the given ``txt`` into the text field found by ``selector``.</doc>
<msg timestamp="20221005 17:47:49.002" level="INFO">Fills the text 'abc123' in the given field.</msg>
<status status="PASS" starttime="20221005 17:47:49.001" endtime="20221005 17:47:49.029"/>
</kw>
<kw name="Click" library="Browser">
<arg>css=button &gt;&gt; text=Entrar</arg>
<tag>PageContent</tag>
<tag>Setter</tag>
<doc>Simulates mouse click on the element found by ``selector``.</doc>
<status status="PASS" starttime="20221005 17:47:49.029" endtime="20221005 17:47:49.082"/>
</kw>
<status status="PASS" starttime="20221005 17:47:48.920" endtime="20221005 17:47:49.082"/>
</kw>
<kw name="Toast Message Should Be" library="login">
<arg>Credenciais inválidas, tente novamente!</arg>
<kw name="Set Variable" library="BuiltIn">
<var>${locator}</var>
<arg>css=.Toastify__toast-body div &gt;&gt; text=${expected_message}</arg>
<doc>Returns the given values which can then be assigned to a variables.</doc>
<msg timestamp="20221005 17:47:49.085" level="INFO">${locator} = css=.Toastify__toast-body div &gt;&gt; text=Credenciais inválidas, tente novamente!</msg>
<status status="PASS" starttime="20221005 17:47:49.084" endtime="20221005 17:47:49.086"/>
</kw>
<kw name="Wait For Elements State" library="Browser">
<arg>${locator}</arg>
<arg>visible</arg>
<arg>3</arg>
<tag>PageContent</tag>
<tag>Wait</tag>
<doc>Waits for the element found by ``selector`` to satisfy state option.</doc>
<msg timestamp="20221005 17:47:49.100" level="INFO">Waited for Element with selector css=.Toastify__toast-body div &gt;&gt; text=Credenciais inválidas, tente novamente! at state visible</msg>
<status status="PASS" starttime="20221005 17:47:49.086" endtime="20221005 17:47:49.102"/>
</kw>
<status status="PASS" starttime="20221005 17:47:49.083" endtime="20221005 17:47:49.102"/>
</kw>
<status status="PASS" starttime="20221005 17:47:46.102" endtime="20221005 17:47:49.103"/>
</test>
<doc>Login tests</doc>
<status status="PASS" starttime="20221005 17:47:41.335" endtime="20221005 17:47:49.257"/>
</suite>
<status status="PASS" starttime="20221005 17:47:41.327" endtime="20221005 17:47:49.267"/>
</suite>
<status status="PASS" starttime="20221005 17:47:41.284" endtime="20221005 17:47:49.276"/>
</suite>
<statistics>
<total>
<stat pass="2" fail="0" skip="0">All Tests</stat>
</total>
<tag>
</tag>
<suite>
<stat pass="2" fail="0" skip="0" id="s1" name="Trade-Sticker">Trade-Sticker</stat>
<stat pass="2" fail="0" skip="0" id="s1-s1" name="Tests">Trade-Sticker.Tests</stat>
<stat pass="2" fail="0" skip="0" id="s1-s1-s1" name="Login">Trade-Sticker.Tests.Login</stat>
</suite>
</statistics>
<errors>
</errors>
</robot>
